{"/Users/dbarbhui/reactPlayground/Doctor-Booking-App/doctor-appointment-system/index.js": {"path":"/Users/dbarbhui/reactPlayground/Doctor-Booking-App/doctor-appointment-system/index.js","statementMap":{"0":{"start":{"line":1,"column":16},"end":{"line":1,"column":34}},"1":{"start":{"line":2,"column":12},"end":{"line":2,"column":21}},"2":{"start":{"line":3,"column":13},"end":{"line":3,"column":17}},"3":{"start":{"line":5,"column":0},"end":{"line":5,"column":24}},"4":{"start":{"line":8,"column":21},"end":{"line":8,"column":23}},"5":{"start":{"line":9,"column":0},"end":{"line":9,"column":32}},"6":{"start":{"line":10,"column":16},"end":{"line":13,"column":1}},"7":{"start":{"line":16,"column":21},"end":{"line":18,"column":1}},"8":{"start":{"line":17,"column":4},"end":{"line":17,"column":53}},"9":{"start":{"line":21,"column":24},"end":{"line":26,"column":1}},"10":{"start":{"line":22,"column":4},"end":{"line":25,"column":6}},"11":{"start":{"line":23,"column":8},"end":{"line":24,"column":48}},"12":{"start":{"line":29,"column":0},"end":{"line":71,"column":3}},"13":{"start":{"line":30,"column":65},"end":{"line":30,"column":73}},"14":{"start":{"line":33,"column":4},"end":{"line":35,"column":5}},"15":{"start":{"line":34,"column":8},"end":{"line":34,"column":74}},"16":{"start":{"line":37,"column":4},"end":{"line":39,"column":5}},"17":{"start":{"line":38,"column":8},"end":{"line":38,"column":71}},"18":{"start":{"line":42,"column":19},"end":{"line":42,"column":59}},"19":{"start":{"line":42,"column":37},"end":{"line":42,"column":58}},"20":{"start":{"line":43,"column":4},"end":{"line":45,"column":5}},"21":{"start":{"line":44,"column":8},"end":{"line":44,"column":67}},"22":{"start":{"line":48,"column":4},"end":{"line":50,"column":5}},"23":{"start":{"line":49,"column":8},"end":{"line":49,"column":83}},"24":{"start":{"line":53,"column":32},"end":{"line":56,"column":5}},"25":{"start":{"line":54,"column":8},"end":{"line":55,"column":33}},"26":{"start":{"line":57,"column":4},"end":{"line":59,"column":5}},"27":{"start":{"line":58,"column":8},"end":{"line":58,"column":75}},"28":{"start":{"line":62,"column":24},"end":{"line":67,"column":5}},"29":{"start":{"line":69,"column":4},"end":{"line":69,"column":35}},"30":{"start":{"line":70,"column":4},"end":{"line":70,"column":38}},"31":{"start":{"line":74,"column":0},"end":{"line":90,"column":3}},"32":{"start":{"line":75,"column":22},"end":{"line":75,"column":32}},"33":{"start":{"line":77,"column":4},"end":{"line":79,"column":5}},"34":{"start":{"line":78,"column":8},"end":{"line":78,"column":71}},"35":{"start":{"line":81,"column":32},"end":{"line":83,"column":5}},"36":{"start":{"line":82,"column":8},"end":{"line":82,"column":35}},"37":{"start":{"line":85,"column":4},"end":{"line":87,"column":5}},"38":{"start":{"line":86,"column":8},"end":{"line":86,"column":72}},"39":{"start":{"line":89,"column":4},"end":{"line":89,"column":34}},"40":{"start":{"line":93,"column":0},"end":{"line":106,"column":3}},"41":{"start":{"line":94,"column":27},"end":{"line":94,"column":37}},"42":{"start":{"line":96,"column":19},"end":{"line":96,"column":59}},"43":{"start":{"line":96,"column":37},"end":{"line":96,"column":58}},"44":{"start":{"line":97,"column":4},"end":{"line":99,"column":5}},"45":{"start":{"line":98,"column":8},"end":{"line":98,"column":67}},"46":{"start":{"line":101,"column":31},"end":{"line":103,"column":5}},"47":{"start":{"line":102,"column":8},"end":{"line":102,"column":37}},"48":{"start":{"line":105,"column":4},"end":{"line":105,"column":33}},"49":{"start":{"line":109,"column":0},"end":{"line":127,"column":3}},"50":{"start":{"line":110,"column":32},"end":{"line":110,"column":40}},"51":{"start":{"line":112,"column":4},"end":{"line":114,"column":5}},"52":{"start":{"line":113,"column":8},"end":{"line":113,"column":83}},"53":{"start":{"line":116,"column":29},"end":{"line":119,"column":5}},"54":{"start":{"line":117,"column":8},"end":{"line":118,"column":33}},"55":{"start":{"line":121,"column":4},"end":{"line":123,"column":5}},"56":{"start":{"line":122,"column":8},"end":{"line":122,"column":72}},"57":{"start":{"line":125,"column":4},"end":{"line":125,"column":45}},"58":{"start":{"line":126,"column":4},"end":{"line":126,"column":64}},"59":{"start":{"line":130,"column":0},"end":{"line":159,"column":3}},"60":{"start":{"line":131,"column":53},"end":{"line":131,"column":61}},"61":{"start":{"line":133,"column":4},"end":{"line":135,"column":5}},"62":{"start":{"line":134,"column":8},"end":{"line":134,"column":74}},"63":{"start":{"line":137,"column":24},"end":{"line":137,"column":64}},"64":{"start":{"line":138,"column":4},"end":{"line":140,"column":5}},"65":{"start":{"line":139,"column":8},"end":{"line":139,"column":81}},"66":{"start":{"line":143,"column":19},"end":{"line":143,"column":71}},"67":{"start":{"line":143,"column":37},"end":{"line":143,"column":70}},"68":{"start":{"line":144,"column":4},"end":{"line":146,"column":5}},"69":{"start":{"line":145,"column":8},"end":{"line":145,"column":87}},"70":{"start":{"line":149,"column":22},"end":{"line":152,"column":5}},"71":{"start":{"line":150,"column":8},"end":{"line":151,"column":36}},"72":{"start":{"line":153,"column":4},"end":{"line":155,"column":5}},"73":{"start":{"line":154,"column":8},"end":{"line":154,"column":82}},"74":{"start":{"line":157,"column":4},"end":{"line":157,"column":39}},"75":{"start":{"line":158,"column":4},"end":{"line":158,"column":26}},"76":{"start":{"line":161,"column":0},"end":{"line":161,"column":21}}},"fnMap":{"0":{"name":"(anonymous_0)","decl":{"start":{"line":16,"column":21},"end":{"line":16,"column":22}},"loc":{"start":{"line":16,"column":32},"end":{"line":18,"column":1}},"line":16},"1":{"name":"(anonymous_1)","decl":{"start":{"line":21,"column":24},"end":{"line":21,"column":25}},"loc":{"start":{"line":21,"column":45},"end":{"line":26,"column":1}},"line":21},"2":{"name":"(anonymous_2)","decl":{"start":{"line":22,"column":29},"end":{"line":22,"column":30}},"loc":{"start":{"line":23,"column":8},"end":{"line":24,"column":48}},"line":23},"3":{"name":"(anonymous_3)","decl":{"start":{"line":29,"column":30},"end":{"line":29,"column":31}},"loc":{"start":{"line":29,"column":44},"end":{"line":71,"column":1}},"line":29},"4":{"name":"(anonymous_4)","decl":{"start":{"line":42,"column":32},"end":{"line":42,"column":33}},"loc":{"start":{"line":42,"column":37},"end":{"line":42,"column":58}},"line":42},"5":{"name":"(anonymous_5)","decl":{"start":{"line":53,"column":50},"end":{"line":53,"column":51}},"loc":{"start":{"line":54,"column":8},"end":{"line":55,"column":33}},"line":54},"6":{"name":"(anonymous_6)","decl":{"start":{"line":74,"column":44},"end":{"line":74,"column":45}},"loc":{"start":{"line":74,"column":58},"end":{"line":90,"column":1}},"line":74},"7":{"name":"(anonymous_7)","decl":{"start":{"line":81,"column":52},"end":{"line":81,"column":53}},"loc":{"start":{"line":82,"column":8},"end":{"line":82,"column":35}},"line":82},"8":{"name":"(anonymous_8)","decl":{"start":{"line":93,"column":48},"end":{"line":93,"column":49}},"loc":{"start":{"line":93,"column":62},"end":{"line":106,"column":1}},"line":93},"9":{"name":"(anonymous_9)","decl":{"start":{"line":96,"column":32},"end":{"line":96,"column":33}},"loc":{"start":{"line":96,"column":37},"end":{"line":96,"column":58}},"line":96},"10":{"name":"(anonymous_10)","decl":{"start":{"line":101,"column":51},"end":{"line":101,"column":52}},"loc":{"start":{"line":102,"column":8},"end":{"line":102,"column":37}},"line":102},"11":{"name":"(anonymous_11)","decl":{"start":{"line":109,"column":32},"end":{"line":109,"column":33}},"loc":{"start":{"line":109,"column":46},"end":{"line":127,"column":1}},"line":109},"12":{"name":"(anonymous_12)","decl":{"start":{"line":116,"column":52},"end":{"line":116,"column":53}},"loc":{"start":{"line":117,"column":8},"end":{"line":118,"column":33}},"line":117},"13":{"name":"(anonymous_13)","decl":{"start":{"line":130,"column":29},"end":{"line":130,"column":30}},"loc":{"start":{"line":130,"column":43},"end":{"line":159,"column":1}},"line":130},"14":{"name":"(anonymous_14)","decl":{"start":{"line":143,"column":32},"end":{"line":143,"column":33}},"loc":{"start":{"line":143,"column":37},"end":{"line":143,"column":70}},"line":143},"15":{"name":"(anonymous_15)","decl":{"start":{"line":149,"column":40},"end":{"line":149,"column":41}},"loc":{"start":{"line":150,"column":8},"end":{"line":151,"column":36}},"line":150}},"branchMap":{"0":{"loc":{"start":{"line":23,"column":8},"end":{"line":24,"column":48}},"type":"binary-expr","locations":[{"start":{"line":23,"column":8},"end":{"line":23,"column":35}},{"start":{"line":24,"column":9},"end":{"line":24,"column":18}},{"start":{"line":24,"column":22},"end":{"line":24,"column":47}}],"line":23},"1":{"loc":{"start":{"line":33,"column":4},"end":{"line":35,"column":5}},"type":"if","locations":[{"start":{"line":33,"column":4},"end":{"line":35,"column":5}},{"start":{},"end":{}}],"line":33},"2":{"loc":{"start":{"line":33,"column":8},"end":{"line":33,"column":69}},"type":"binary-expr","locations":[{"start":{"line":33,"column":8},"end":{"line":33,"column":18}},{"start":{"line":33,"column":22},"end":{"line":33,"column":31}},{"start":{"line":33,"column":35},"end":{"line":33,"column":41}},{"start":{"line":33,"column":45},"end":{"line":33,"column":54}},{"start":{"line":33,"column":58},"end":{"line":33,"column":69}}],"line":33},"3":{"loc":{"start":{"line":37,"column":4},"end":{"line":39,"column":5}},"type":"if","locations":[{"start":{"line":37,"column":4},"end":{"line":39,"column":5}},{"start":{},"end":{}}],"line":37},"4":{"loc":{"start":{"line":43,"column":4},"end":{"line":45,"column":5}},"type":"if","locations":[{"start":{"line":43,"column":4},"end":{"line":45,"column":5}},{"start":{},"end":{}}],"line":43},"5":{"loc":{"start":{"line":48,"column":4},"end":{"line":50,"column":5}},"type":"if","locations":[{"start":{"line":48,"column":4},"end":{"line":50,"column":5}},{"start":{},"end":{}}],"line":48},"6":{"loc":{"start":{"line":54,"column":8},"end":{"line":55,"column":33}},"type":"binary-expr","locations":[{"start":{"line":54,"column":8},"end":{"line":54,"column":37}},{"start":{"line":55,"column":8},"end":{"line":55,"column":33}}],"line":54},"7":{"loc":{"start":{"line":57,"column":4},"end":{"line":59,"column":5}},"type":"if","locations":[{"start":{"line":57,"column":4},"end":{"line":59,"column":5}},{"start":{},"end":{}}],"line":57},"8":{"loc":{"start":{"line":77,"column":4},"end":{"line":79,"column":5}},"type":"if","locations":[{"start":{"line":77,"column":4},"end":{"line":79,"column":5}},{"start":{},"end":{}}],"line":77},"9":{"loc":{"start":{"line":85,"column":4},"end":{"line":87,"column":5}},"type":"if","locations":[{"start":{"line":85,"column":4},"end":{"line":87,"column":5}},{"start":{},"end":{}}],"line":85},"10":{"loc":{"start":{"line":97,"column":4},"end":{"line":99,"column":5}},"type":"if","locations":[{"start":{"line":97,"column":4},"end":{"line":99,"column":5}},{"start":{},"end":{}}],"line":97},"11":{"loc":{"start":{"line":112,"column":4},"end":{"line":114,"column":5}},"type":"if","locations":[{"start":{"line":112,"column":4},"end":{"line":114,"column":5}},{"start":{},"end":{}}],"line":112},"12":{"loc":{"start":{"line":112,"column":8},"end":{"line":112,"column":27}},"type":"binary-expr","locations":[{"start":{"line":112,"column":8},"end":{"line":112,"column":14}},{"start":{"line":112,"column":18},"end":{"line":112,"column":27}}],"line":112},"13":{"loc":{"start":{"line":117,"column":8},"end":{"line":118,"column":33}},"type":"binary-expr","locations":[{"start":{"line":117,"column":8},"end":{"line":117,"column":35}},{"start":{"line":118,"column":8},"end":{"line":118,"column":33}}],"line":117},"14":{"loc":{"start":{"line":121,"column":4},"end":{"line":123,"column":5}},"type":"if","locations":[{"start":{"line":121,"column":4},"end":{"line":123,"column":5}},{"start":{},"end":{}}],"line":121},"15":{"loc":{"start":{"line":133,"column":4},"end":{"line":135,"column":5}},"type":"if","locations":[{"start":{"line":133,"column":4},"end":{"line":135,"column":5}},{"start":{},"end":{}}],"line":133},"16":{"loc":{"start":{"line":133,"column":8},"end":{"line":133,"column":51}},"type":"binary-expr","locations":[{"start":{"line":133,"column":8},"end":{"line":133,"column":14}},{"start":{"line":133,"column":18},"end":{"line":133,"column":35}},{"start":{"line":133,"column":39},"end":{"line":133,"column":51}}],"line":133},"17":{"loc":{"start":{"line":138,"column":4},"end":{"line":140,"column":5}},"type":"if","locations":[{"start":{"line":138,"column":4},"end":{"line":140,"column":5}},{"start":{},"end":{}}],"line":138},"18":{"loc":{"start":{"line":144,"column":4},"end":{"line":146,"column":5}},"type":"if","locations":[{"start":{"line":144,"column":4},"end":{"line":146,"column":5}},{"start":{},"end":{}}],"line":144},"19":{"loc":{"start":{"line":150,"column":8},"end":{"line":151,"column":36}},"type":"binary-expr","locations":[{"start":{"line":150,"column":8},"end":{"line":150,"column":49}},{"start":{"line":151,"column":8},"end":{"line":151,"column":36}}],"line":150},"20":{"loc":{"start":{"line":153,"column":4},"end":{"line":155,"column":5}},"type":"if","locations":[{"start":{"line":153,"column":4},"end":{"line":155,"column":5}},{"start":{},"end":{}}],"line":153}},"s":{"0":1,"1":1,"2":1,"3":1,"4":1,"5":1,"6":1,"7":1,"8":13,"9":1,"10":2,"11":2,"12":1,"13":12,"14":12,"15":1,"16":11,"17":1,"18":10,"19":11,"20":10,"21":1,"22":9,"23":0,"24":9,"25":2,"26":9,"27":1,"28":8,"29":8,"30":8,"31":1,"32":2,"33":2,"34":0,"35":2,"36":1,"37":2,"38":1,"39":1,"40":1,"41":2,"42":2,"43":3,"44":2,"45":1,"46":1,"47":1,"48":1,"49":1,"50":2,"51":2,"52":0,"53":2,"54":1,"55":2,"56":1,"57":1,"58":1,"59":1,"60":2,"61":2,"62":0,"63":2,"64":2,"65":0,"66":2,"67":2,"68":2,"69":0,"70":2,"71":3,"72":2,"73":1,"74":1,"75":1,"76":1},"f":{"0":13,"1":2,"2":2,"3":12,"4":11,"5":2,"6":2,"7":1,"8":2,"9":3,"10":1,"11":2,"12":1,"13":2,"14":2,"15":3},"b":{"0":[2,2,2],"1":[1,11],"2":[12,12,12,11,11],"3":[1,10],"4":[1,9],"5":[0,9],"6":[2,2],"7":[1,8],"8":[0,2],"9":[1,1],"10":[1,1],"11":[0,2],"12":[2,2],"13":[1,1],"14":[1,1],"15":[0,2],"16":[2,2,2],"17":[0,2],"18":[0,2],"19":[3,3],"20":[1,1]},"_coverageSchema":"1a1c01bbd47fc00a2c39e90264f33305004495a9","hash":"0df5b1fc24219b96a971d24a8b3c4dc0c0994e77"}
}
