TN:
SF:index.js
FN:16,(anonymous_0)
FN:21,(anonymous_1)
FN:22,(anonymous_2)
FN:29,(anonymous_3)
FN:42,(anonymous_4)
FN:53,(anonymous_5)
FN:74,(anonymous_6)
FN:81,(anonymous_7)
FN:93,(anonymous_8)
FN:96,(anonymous_9)
FN:101,(anonymous_10)
FN:109,(anonymous_11)
FN:116,(anonymous_12)
FN:130,(anonymous_13)
FN:143,(anonymous_14)
FN:149,(anonymous_15)
FNF:16
FNH:16
FNDA:13,(anonymous_0)
FNDA:2,(anonymous_1)
FNDA:2,(anonymous_2)
FNDA:12,(anonymous_3)
FNDA:11,(anonymous_4)
FNDA:2,(anonymous_5)
FNDA:2,(anonymous_6)
FNDA:1,(anonymous_7)
FNDA:2,(anonymous_8)
FNDA:3,(anonymous_9)
FNDA:1,(anonymous_10)
FNDA:2,(anonymous_11)
FNDA:1,(anonymous_12)
FNDA:2,(anonymous_13)
FNDA:2,(anonymous_14)
FNDA:3,(anonymous_15)
DA:1,1
DA:2,1
DA:3,1
DA:5,1
DA:8,1
DA:9,1
DA:10,1
DA:16,1
DA:17,13
DA:21,1
DA:22,2
DA:23,2
DA:29,1
DA:30,12
DA:33,12
DA:34,1
DA:37,11
DA:38,1
DA:42,11
DA:43,10
DA:44,1
DA:48,9
DA:49,0
DA:53,9
DA:54,2
DA:57,9
DA:58,1
DA:62,8
DA:69,8
DA:70,8
DA:74,1
DA:75,2
DA:77,2
DA:78,0
DA:81,2
DA:82,1
DA:85,2
DA:86,1
DA:89,1
DA:93,1
DA:94,2
DA:96,3
DA:97,2
DA:98,1
DA:101,1
DA:102,1
DA:105,1
DA:109,1
DA:110,2
DA:112,2
DA:113,0
DA:116,2
DA:117,1
DA:121,2
DA:122,1
DA:125,1
DA:126,1
DA:130,1
DA:131,2
DA:133,2
DA:134,0
DA:137,2
DA:138,2
DA:139,0
DA:143,2
DA:144,2
DA:145,0
DA:149,2
DA:150,3
DA:153,2
DA:154,1
DA:157,1
DA:158,1
DA:161,1
LF:74
LH:68
BRDA:23,0,0,2
BRDA:23,0,1,2
BRDA:23,0,2,2
BRDA:33,1,0,1
BRDA:33,1,1,11
BRDA:33,2,0,12
BRDA:33,2,1,12
BRDA:33,2,2,12
BRDA:33,2,3,11
BRDA:33,2,4,11
BRDA:37,3,0,1
BRDA:37,3,1,10
BRDA:43,4,0,1
BRDA:43,4,1,9
BRDA:48,5,0,0
BRDA:48,5,1,9
BRDA:54,6,0,2
BRDA:54,6,1,2
BRDA:57,7,0,1
BRDA:57,7,1,8
BRDA:77,8,0,0
BRDA:77,8,1,2
BRDA:85,9,0,1
BRDA:85,9,1,1
BRDA:97,10,0,1
BRDA:97,10,1,1
BRDA:112,11,0,0
BRDA:112,11,1,2
BRDA:112,12,0,2
BRDA:112,12,1,2
BRDA:117,13,0,1
BRDA:117,13,1,1
BRDA:121,14,0,1
BRDA:121,14,1,1
BRDA:133,15,0,0
BRDA:133,15,1,2
BRDA:133,16,0,2
BRDA:133,16,1,2
BRDA:133,16,2,2
BRDA:138,17,0,0
BRDA:138,17,1,2
BRDA:144,18,0,0
BRDA:144,18,1,2
BRDA:150,19,0,3
BRDA:150,19,1,3
BRDA:153,20,0,1
BRDA:153,20,1,1
BRF:47
BRH:41
end_of_record
